2021-08-25 16:43:58 0 [Note] InnoDB: Uses event mutexes
2021-08-25 16:43:58 0 [Note] InnoDB: Compressed tables use zlib 1.2.11
2021-08-25 16:43:58 0 [Note] InnoDB: Number of pools: 1
2021-08-25 16:43:58 0 [Note] InnoDB: Using crc32 + pclmulqdq instructions
2021-08-25 16:43:58 0 [Note] InnoDB: Initializing buffer pool, total size = 2147483648, chunk size = 134217728
2021-08-25 16:43:58 0 [Note] InnoDB: Completed initialization of buffer pool
2021-08-25 16:43:58 0 [Note] InnoDB: 128 rollback segments are active.
2021-08-25 16:43:59 0 [Note] InnoDB: Creating shared tablespace for temporary tables
2021-08-25 16:43:59 0 [Note] InnoDB: Setting file '.\ibtmp1' size to 12 MB. Physically writing the file full; Please wait ...
2021-08-25 16:43:59 0 [Note] InnoDB: File '.\ibtmp1' size is now 12 MB.
2021-08-25 16:43:59 0 [Note] InnoDB: 10.5.12 started; log sequence number 45094; transaction id 20
2021-08-25 16:43:59 0 [Note] Plugin 'FEEDBACK' is disabled.
2021-08-25 16:43:59 0 [Note] InnoDB: Loading buffer pool(s) from C:\Program Files\MariaDB 10.5\data\ib_buffer_pool
2021-08-25 16:43:59 0 [Note] InnoDB: Buffer pool(s) load completed at 210825 16:43:59
2021-08-25 16:43:59 0 [Note] Server socket created on IP: '::'.
2021-08-25 16:43:59 0 [Note] Reading of all Master_info entries succeeded
2021-08-25 16:43:59 0 [Note] Added new Master_info '' to hash table
2021-08-25 16:43:59 0 [Note] C:\Program Files\MariaDB 10.5\bin\mysqld.exe: ready for connections.
Version: '10.5.12-MariaDB'  socket: ''  port: 3306  mariadb.org binary distribution
2021-08-26  8:51:37 0 [Note] C:\Program Files\MariaDB 10.5\bin\mysqld.exe (initiated by: unknown): Normal shutdown
2021-08-26  8:51:37 0 [Note] Event Scheduler: Purging the queue. 0 events
2021-08-26  8:51:37 0 [Note] InnoDB: FTS optimize thread exiting.
2021-08-26  8:51:37 0 [Note] InnoDB: Starting shutdown...
2021-08-26  8:51:37 0 [Note] InnoDB: Dumping buffer pool(s) to C:\Program Files\MariaDB 10.5\data\ib_buffer_pool
2021-08-26  8:51:37 0 [Note] InnoDB: Buffer pool(s) dump completed at 210826  8:51:37
2021-08-26  8:51:38 0 [Note] InnoDB: Removed temporary tablespace data file: "ibtmp1"
2021-08-26  8:51:38 0 [Note] InnoDB: Shutdown completed; log sequence number 45106; transaction id 21
2021-08-26  8:51:38 0 [Note] C:\Program Files\MariaDB 10.5\bin\mysqld.exe: Shutdown complete

2021-08-26  8:52:12 0 [Note] InnoDB: Uses event mutexes
2021-08-26  8:52:12 0 [Note] InnoDB: Compressed tables use zlib 1.2.11
2021-08-26  8:52:12 0 [Note] InnoDB: Number of pools: 1
2021-08-26  8:52:12 0 [Note] InnoDB: Using crc32 + pclmulqdq instructions
2021-08-26  8:52:12 0 [Note] InnoDB: Initializing buffer pool, total size = 2147483648, chunk size = 134217728
2021-08-26  8:52:12 0 [Note] InnoDB: Completed initialization of buffer pool
2021-08-26  8:52:12 0 [Note] InnoDB: 128 rollback segments are active.
2021-08-26  8:52:12 0 [Note] InnoDB: Creating shared tablespace for temporary tables
2021-08-26  8:52:12 0 [Note] InnoDB: Setting file '.\ibtmp1' size to 12 MB. Physically writing the file full; Please wait ...
2021-08-26  8:52:12 0 [Note] InnoDB: File '.\ibtmp1' size is now 12 MB.
2021-08-26  8:52:12 0 [Note] InnoDB: 10.5.12 started; log sequence number 45106; transaction id 20
2021-08-26  8:52:12 0 [Note] InnoDB: Loading buffer pool(s) from C:\Program Files\MariaDB 10.5\data\ib_buffer_pool
2021-08-26  8:52:12 0 [Note] Plugin 'FEEDBACK' is disabled.
2021-08-26  8:52:12 0 [Note] InnoDB: Buffer pool(s) load completed at 210826  8:52:12
2021-08-26  8:52:12 0 [Note] Server socket created on IP: '::'.
2021-08-26  8:52:13 0 [Note] Reading of all Master_info entries succeeded
2021-08-26  8:52:13 0 [Note] Added new Master_info '' to hash table
2021-08-26  8:52:13 0 [Note] C:\Program Files\MariaDB 10.5\bin\mysqld.exe: ready for connections.
Version: '10.5.12-MariaDB'  socket: ''  port: 3306  mariadb.org binary distribution
2021-08-26 20:29:27 5 [Warning] Aborted connection 5 to db: 'mydb' user: 'root' host: 'localhost' (Got an error reading communication packets)
2021-08-27  8:45:04 11 [Warning] Aborted connection 11 to db: 'mydb' user: 'root' host: 'localhost' (Got timeout reading communication packets)
2021-08-27  8:45:04 3 [Warning] Aborted connection 3 to db: 'mydb' user: 'root' host: 'localhost' (Got timeout reading communication packets)
2021-08-27  8:45:05 6 [Warning] Aborted connection 6 to db: 'mydb' user: 'root' host: 'localhost' (Got timeout reading communication packets)
2021-08-27  8:45:05 7 [Warning] Aborted connection 7 to db: 'mydb' user: 'root' host: 'localhost' (Got timeout reading communication packets)
2021-08-27 18:08:33 18 [Warning] Access denied for user 'root'@'localhost' (using password: NO)
2021-08-27 18:08:39 19 [Warning] Access denied for user 'sa'@'localhost' (using password: NO)
2021-08-27 18:08:49 20 [Warning] Access denied for user 'sa'@'localhost' (using password: NO)
2021-08-27 18:08:54 21 [Warning] Access denied for user 'sa'@'localhost' (using password: NO)
2021-08-28 16:39:40 93 [Warning] Aborted connection 93 to db: 'mydb' user: 'root' host: 'localhost' (Got timeout reading communication packets)
2021-08-28 16:39:40 91 [Warning] Aborted connection 91 to db: 'mydb' user: 'root' host: 'localhost' (Got timeout reading communication packets)
2021-08-28 16:39:40 90 [Warning] Aborted connection 90 to db: 'mydb' user: 'root' host: 'localhost' (Got timeout reading communication packets)
2021-08-28 16:39:40 101 [Warning] Aborted connection 101 to db: 'mydb' user: 'root' host: 'localhost' (Got timeout reading communication packets)
2021-08-28 16:39:40 92 [Warning] Aborted connection 92 to db: 'mydb' user: 'root' host: 'localhost' (Got timeout reading communication packets)
2021-08-28 16:39:40 89 [Warning] Aborted connection 89 to db: 'mydb' user: 'root' host: 'localhost' (Got timeout reading communication packets)
2021-08-28 16:39:40 88 [Warning] Aborted connection 88 to db: 'mydb' user: 'root' host: 'localhost' (Got timeout reading communication packets)
2021-08-28 16:39:40 87 [Warning] Aborted connection 87 to db: 'mydb' user: 'root' host: 'localhost' (Got timeout reading communication packets)
2021-08-28 16:39:40 86 [Warning] Aborted connection 86 to db: 'mydb' user: 'root' host: 'localhost' (Got timeout reading communication packets)
2021-08-28 16:39:40 85 [Warning] Aborted connection 85 to db: 'mydb' user: 'root' host: 'localhost' (Got timeout reading communication packets)
2021-08-28 16:39:40 84 [Warning] Aborted connection 84 to db: 'mydb' user: 'root' host: 'localhost' (Got timeout reading communication packets)
2021-08-28 16:39:40 83 [Warning] Aborted connection 83 to db: 'mydb' user: 'root' host: 'localhost' (Got timeout reading communication packets)
2021-08-28 16:39:40 82 [Warning] Aborted connection 82 to db: 'mydb' user: 'root' host: 'localhost' (Got timeout reading communication packets)
2021-08-28 16:39:40 79 [Warning] Aborted connection 79 to db: 'mydb' user: 'root' host: 'localhost' (Got timeout reading communication packets)
2021-08-28 16:39:40 57 [Warning] Aborted connection 57 to db: 'mydb' user: 'root' host: 'localhost' (Got timeout reading communication packets)
2021-08-28 16:39:40 100 [Warning] Aborted connection 100 to db: 'mydb' user: 'root' host: 'localhost' (Got timeout reading communication packets)
2021-08-28 16:39:40 98 [Warning] Aborted connection 98 to db: 'mydb' user: 'root' host: 'localhost' (Got timeout reading communication packets)
2021-08-28 16:39:40 97 [Warning] Aborted connection 97 to db: 'mydb' user: 'root' host: 'localhost' (Got timeout reading communication packets)
2021-08-28 16:39:40 96 [Warning] Aborted connection 96 to db: 'mydb' user: 'root' host: 'localhost' (Got timeout reading communication packets)
2021-08-28 16:39:40 99 [Warning] Aborted connection 99 to db: 'mydb' user: 'root' host: 'localhost' (Got timeout reading communication packets)
2021-08-28 16:39:40 22 [Warning] Aborted connection 22 to db: 'mydb' user: 'root' host: 'localhost' (Got timeout reading communication packets)
2021-08-28 16:39:41 95 [Warning] Aborted connection 95 to db: 'mydb' user: 'root' host: 'localhost' (Got timeout reading communication packets)
2021-08-28 16:39:41 94 [Warning] Aborted connection 94 to db: 'mydb' user: 'root' host: 'localhost' (Got timeout reading communication packets)
2021-08-28 16:39:41 55 [Warning] Aborted connection 55 to db: 'mydb' user: 'root' host: 'localhost' (Got timeout reading communication packets)
2021-08-29 14:58:47 0 [Note] C:\Program Files\MariaDB 10.5\bin\mysqld.exe (initiated by: unknown): Normal shutdown
2021-08-29 14:58:47 0 [Note] Event Scheduler: Purging the queue. 0 events
2021-08-29 14:58:48 0 [Note] InnoDB: FTS optimize thread exiting.
2021-08-29 14:58:48 0 [Note] InnoDB: Starting shutdown...
2021-08-29 14:58:48 0 [Note] InnoDB: Dumping buffer pool(s) to C:\Program Files\MariaDB 10.5\data\ib_buffer_pool
2021-08-29 14:58:48 0 [Note] InnoDB: Buffer pool(s) dump completed at 210829 14:58:48
2021-08-29 14:58:49 0 [Note] InnoDB: Removed temporary tablespace data file: "ibtmp1"
2021-08-29 14:58:49 0 [Note] InnoDB: Shutdown completed; log sequence number 89969; transaction id 171
2021-08-29 14:58:49 0 [Note] C:\Program Files\MariaDB 10.5\bin\mysqld.exe: Shutdown complete

